# GitHub 동기화 실행 명령어 로그

gh issue edit 1 --body-file "BE-AUTH-001-사용자-인증-API-구현-로그인.md"
gh issue edit 1 --add-project reacademix-backend
gh issue edit 2 --body-file "BE-AUTH-002-JWT-토큰-검증-미들웨어-구현.md"
gh issue edit 2 --add-project reacademix-backend
gh issue edit 3 --body-file "BE-AUTH-003-사용자-로그아웃-API-구현.md"
gh issue edit 3 --add-project reacademix-backend
gh issue edit 4 --body-file "BE-COMMON-001-전역-에러-핸들링-구현.md"
gh issue edit 4 --add-project reacademix-backend
gh issue edit 5 --body-file "BE-COMMON-002-로깅-및-모니터링-설정.md"
gh issue edit 5 --add-project reacademix-backend
gh issue edit 6 --body-file "BE-COMMON-003-API-문서화-Swagger-OpenAPI.md"
gh issue edit 6 --add-project reacademix-backend
gh issue edit 7 --body-file "BE-DATA-001-출석-데이터-조회-서비스-구현.md"
gh issue edit 7 --add-project reacademix-backend
gh issue edit 8 --body-file "BE-DATA-002-학습-시간-데이터-조회-서비스-구현.md"
gh issue edit 8 --add-project reacademix-backend
gh issue edit 9 --body-file "BE-DATA-003-모의고사-성적-데이터-조회-서비스-구현.md"
gh issue edit 9 --add-project reacademix-backend
gh issue edit 10 --body-file "BE-DATA-004-과제-완료도-데이터-조회-서비스-구현.md"
gh issue edit 10 --add-project reacademix-backend
gh issue edit 11 --body-file "BE-DATA-005-반-평균-데이터-계산-서비스-구현.md"
gh issue edit 11 --add-project reacademix-backend
gh issue edit 12 --body-file "BE-DELIVERY-001-리포트-전송-이력-저장-구현.md"
gh issue edit 12 --add-project reacademix-backend
gh issue edit 13 --body-file "BE-DELIVERY-002-리포트-전송-이력-조회-API-구현.md"
gh issue edit 13 --add-project reacademix-backend
gh issue edit 14 --body-file "BE-EMAIL-001-이메일-전송-서비스-구현.md"
gh issue edit 14 --add-project reacademix-backend
gh issue edit 15 --body-file "BE-EMAIL-002-수동-리포트-이메일-전송-API-구현.md"
gh issue edit 15 --add-project reacademix-backend
gh issue edit 16 --body-file "BE-INFRA-001-프로젝트-기본-설정-및-의존성-구성.md"
gh issue edit 16 --add-project reacademix-backend
gh issue edit 17 --body-file "BE-INFRA-002-데이터베이스-연결-설정-및-JPA-엔티티-기본-구조.md"
gh issue edit 17 --add-project reacademix-backend
gh issue edit 18 --body-file "BE-INFRA-003-데이터베이스-스키마-생성-및-마이그레이션.md"
gh issue edit 18 --add-project reacademix-backend
gh issue edit 19 --body-file "BE-INSIGHT-001-인사이트-자동-생성-서비스-구현.md"
gh issue edit 19 --add-project reacademix-backend
gh issue edit 20 --body-file "BE-INTEGRATION-001-파일-업로드-처리-서비스-구현.md"
gh issue edit 20 --add-project reacademix-backend
gh issue edit 21 --body-file "BE-INTEGRATION-002-데이터-검증-서비스-구현.md"
gh issue edit 21 --add-project reacademix-backend
gh issue edit 22 --body-file "BE-INTEGRATION-003-파일-업로드-데이터-수집-API-구현.md"
gh issue edit 22 --add-project reacademix-backend
gh issue edit 23 --body-file "BE-INTEGRATION-004-데이터-통합-서비스-구현.md"
gh issue edit 23 --add-project reacademix-backend
gh issue edit 24 --body-file "BE-INTEGRATION-005-수동-데이터-입력-API-구현.md"
gh issue edit 24 --add-project reacademix-backend
gh issue edit 25 --body-file "BE-INTEGRATION-006-통합-대시보드-데이터-조회-서비스-구현.md"
gh issue edit 25 --add-project reacademix-backend
gh issue edit 26 --body-file "BE-INTEGRATION-007-통합-대시보드-조회-API-구현.md"
gh issue edit 26 --add-project reacademix-backend
gh issue edit 27 --body-file "BE-PERF-001-리포트-생성-성능-최적화.md"
gh issue edit 27 --add-project reacademix-backend
gh issue edit 28 --body-file "BE-PERF-002-동시-리포트-생성-처리-구현.md"
gh issue edit 28 --add-project reacademix-backend
gh issue edit 29 --body-file "BE-PERF-003-API-응답-시간-최적화.md"
gh issue edit 29 --add-project reacademix-backend
gh issue edit 30 --body-file "BE-REPORT-001-리포트-템플릿-기본-설정-및-렌더링.md"
gh issue edit 30 --add-project reacademix-backend
gh issue edit 31 --body-file "BE-REPORT-002-리포트-PDF-생성-서비스-구현.md"
gh issue edit 31 --add-project reacademix-backend
gh issue edit 32 --body-file "BE-REPORT-003-리포트-생성-요청-API-구현.md"
gh issue edit 32 --add-project reacademix-backend
gh issue edit 33 --body-file "BE-REPORT-004-리포트-생성-시간-제한-및-모니터링-구현.md"
gh issue edit 33 --add-project reacademix-backend
gh issue edit 34 --body-file "BE-REPORT-005-리포트-생성-이력-저장-구현.md"
gh issue edit 34 --add-project reacademix-backend
gh issue edit 35 --body-file "BE-REPORT-006-리포트-다운로드-API-구현.md"
gh issue edit 35 --add-project reacademix-backend
gh issue edit 36 --body-file "BE-REPORT-007-리포트-생성-이력-조회-API-구현.md"
gh issue edit 36 --add-project reacademix-backend
gh issue edit 37 --body-file "BE-SECURITY-001-개인정보-암호화-저장-구현.md"
gh issue edit 37 --add-project reacademix-backend
gh issue edit 38 --body-file "BE-STUDENT-001-학생-검색-API-구현.md"
gh issue edit 38 --add-project reacademix-backend
gh issue edit 39 --body-file "BE-STUDENT-002-학생-상세-정보-조회-API-구현.md"
gh issue edit 39 --add-project reacademix-backend
